<?xml version="1.0" encoding="UTF-8"?>
<!-- Generated by org.testng.reporters.JUnitXMLReporter -->
<testsuite ignored="0" hostname="LAPTOP-TUN1U03P" failures="1" tests="1" name="Validate Title Test" time="0.008" errors="0" timestamp="25 May 2024 16:15:14 GMT">
  <testcase classname="testnglearning.TestCase2" name="validateTitles" time="0.005">
    <failure type="java.lang.AssertionError" message="The following asserts failed:
	expected [Gmail.com] but found [Google.com],
	Test case failed as element is not present expected [true] but found [false],
	Condition not met hence failing the test">
      <![CDATA[java.lang.AssertionError: The following asserts failed:
expected [Gmail.com] but found [Google.com],
Test case failed as element is not present expected [true] but found [false],
Condition not met hence failing the test
at testnglearning.TestCase2.validateTitles(TestCase2.java:37)
... Removed 26 stack frames]]>
    </failure>
  </testcase> <!-- validateTitles -->
</testsuite> <!-- Validate Title Test -->
