<?xml version="1.0" encoding="UTF-8"?>
<!-- Generated by org.testng.reporters.JUnitXMLReporter -->
<testsuite ignored="0" hostname="Priyankas-MacBook-Pro.local" failures="1" tests="4" name="Find New Cars Test" time="13.214" errors="0" timestamp="01 Sep. 2024 12:06:30 GMT">
  <testcase classname="testcases.FindNewCarTest" name="findNewCarTest" time="7.591"/>
  <testcase classname="testcases.FindNewCarTest" name="findNewCarTest" time="0.001">
    <skipped/>
  </testcase> <!-- findNewCarTest -->
  <testcase classname="testcases.FindNewCarTest" name="findNewCarTest" time="5.383">
    <failure type="java.lang.AssertionError" message="expected [true] but found [false]">
      <![CDATA[java.lang.AssertionError: expected [true] but found [false]
at testcases.FindNewCarTest.findNewCarTest(FindNewCarTest.java:48)
... Removed 29 stack frames]]>
    </failure>
  </testcase> <!-- findNewCarTest -->
  <testcase classname="testcases.FindNewCarTest" name="findNewCarTest" time="0.0">
    <skipped/>
  </testcase> <!-- findNewCarTest -->
</testsuite> <!-- Find New Cars Test -->
