<?xml version="1.0" encoding="UTF-8"?>
<!-- Generated by org.testng.reporters.JUnitXMLReporter -->
<testsuite ignored="0" hostname="LAPTOP-TUN1U03P" failures="1" tests="4" name="Find New Cars Test" time="33.456" errors="0" timestamp="15 Jun 2024 14:46:03 GMT">
  <testcase classname="testcases.FindNewCarTest" name="findNewCarTest" time="7.04"/>
  <testcase classname="testcases.FindNewCarTest" name="findNewCarTest" time="9.507"/>
  <testcase classname="testcases.FindNewCarTest" name="findNewCarTest" time="3.924">
    <failure type="java.lang.AssertionError" message="expected [true] but found [false]">
      <![CDATA[java.lang.AssertionError: expected [true] but found [false]
at testcases.FindNewCarTest.findNewCarTest(FindNewCarTest.java:48)
... Removed 29 stack frames]]>
    </failure>
  </testcase> <!-- findNewCarTest -->
  <testcase classname="testcases.FindNewCarTest" name="findNewCarTest" time="9.512"/>
</testsuite> <!-- Find New Cars Test -->
